<?xml version="1.0" encoding="UTF-8"?>
<!-- Generated by org.testng.reporters.JUnitReportReporter -->
<testsuite hostname="DESKTOP-GPKURBV" failures="0" tests="1" name="RestassuredAutomation.getResponseBody" time="1.292" errors="0" timestamp="08 Jun 2022 20:46:34 GMT" skipped="0">
  <testcase classname="RestassuredAutomation.getResponseBody" name="getResponseBody" time="1.292"/>
</testsuite> <!-- RestassuredAutomation.getResponseBody -->
